2020-01-17T07:36:57+00:00 CRITICAL Uncaught ArgumentCountError: Too few arguments to function get_term_link(), 0 passed in /Applications/MAMP/htdocs/blacksticks/wp-content/themes/blacksticks/woocommerce/content-product.php on line 69 and at least 1 expected in /Applications/MAMP/htdocs/blacksticks/wp-includes/taxonomy.php:4179
Stack trace:
#0 /Applications/MAMP/htdocs/blacksticks/wp-content/themes/blacksticks/woocommerce/content-product.php(69): get_term_link()
#1 /Applications/MAMP/htdocs/blacksticks/wp-includes/template.php(724): require('/Applications/M...')
#2 /Applications/MAMP/htdocs/blacksticks/wp-content/plugins/woocommerce/includes/wc-core-functions.php(195): load_template('/Applications/M...', false)
#3 /Applications/MAMP/htdocs/blacksticks/wp-content/themes/blacksticks/archive-product.php(43): wc_get_template_part('content', 'product')
#4 /Applications/MAMP/htdocs/blacksticks/wp-includes/template-loader.php(98): include('/Applications/M...')
#5 /Applications/MAMP/htdocs/blacksticks/wp-blog-header.php(19): require_once('/Applications in /Applications/MAMP/htdocs/blacksticks/wp-includes/taxonomy.php on line 4179

2020-01-17T07:37:00+00:00 CRITICAL Uncaught ArgumentCountError: Too few arguments to function get_term_link(), 0 passed in /Applications/MAMP/htdocs/blacksticks/wp-content/themes/blacksticks/woocommerce/content-product.php on line 69 and at least 1 expected in /Applications/MAMP/htdocs/blacksticks/wp-includes/taxonomy.php:4179
Stack trace:
#0 /Applications/MAMP/htdocs/blacksticks/wp-content/themes/blacksticks/woocommerce/content-product.php(69): get_term_link()
#1 /Applications/MAMP/htdocs/blacksticks/wp-includes/template.php(724): require('/Applications/M...')
#2 /Applications/MAMP/htdocs/blacksticks/wp-content/plugins/woocommerce/includes/wc-core-functions.php(195): load_template('/Applications/M...', false)
#3 /Applications/MAMP/htdocs/blacksticks/wp-content/themes/blacksticks/archive-product.php(43): wc_get_template_part('content', 'product')
#4 /Applications/MAMP/htdocs/blacksticks/wp-includes/template-loader.php(98): include('/Applications/M...')
#5 /Applications/MAMP/htdocs/blacksticks/wp-blog-header.php(19): require_once('/Applications in /Applications/MAMP/htdocs/blacksticks/wp-includes/taxonomy.php on line 4179

2020-01-17T07:37:26+00:00 CRITICAL Uncaught ArgumentCountError: Too few arguments to function get_term_link(), 0 passed in /Applications/MAMP/htdocs/blacksticks/wp-content/themes/blacksticks/woocommerce/content-product.php on line 69 and at least 1 expected in /Applications/MAMP/htdocs/blacksticks/wp-includes/taxonomy.php:4179
Stack trace:
#0 /Applications/MAMP/htdocs/blacksticks/wp-content/themes/blacksticks/woocommerce/content-product.php(69): get_term_link()
#1 /Applications/MAMP/htdocs/blacksticks/wp-includes/template.php(724): require('/Applications/M...')
#2 /Applications/MAMP/htdocs/blacksticks/wp-content/plugins/woocommerce/includes/wc-core-functions.php(195): load_template('/Applications/M...', false)
#3 /Applications/MAMP/htdocs/blacksticks/wp-content/themes/blacksticks/archive-product.php(43): wc_get_template_part('content', 'product')
#4 /Applications/MAMP/htdocs/blacksticks/wp-includes/template-loader.php(98): include('/Applications/M...')
#5 /Applications/MAMP/htdocs/blacksticks/wp-blog-header.php(19): require_once('/Applications in /Applications/MAMP/htdocs/blacksticks/wp-includes/taxonomy.php on line 4179

2020-01-17T07:37:30+00:00 CRITICAL Uncaught ArgumentCountError: Too few arguments to function get_term_link(), 0 passed in /Applications/MAMP/htdocs/blacksticks/wp-content/themes/blacksticks/woocommerce/content-product.php on line 69 and at least 1 expected in /Applications/MAMP/htdocs/blacksticks/wp-includes/taxonomy.php:4179
Stack trace:
#0 /Applications/MAMP/htdocs/blacksticks/wp-content/themes/blacksticks/woocommerce/content-product.php(69): get_term_link()
#1 /Applications/MAMP/htdocs/blacksticks/wp-includes/template.php(724): require('/Applications/M...')
#2 /Applications/MAMP/htdocs/blacksticks/wp-content/plugins/woocommerce/includes/wc-core-functions.php(195): load_template('/Applications/M...', false)
#3 /Applications/MAMP/htdocs/blacksticks/wp-content/themes/blacksticks/archive-product.php(43): wc_get_template_part('content', 'product')
#4 /Applications/MAMP/htdocs/blacksticks/wp-includes/template-loader.php(98): include('/Applications/M...')
#5 /Applications/MAMP/htdocs/blacksticks/wp-blog-header.php(19): require_once('/Applications in /Applications/MAMP/htdocs/blacksticks/wp-includes/taxonomy.php on line 4179

2020-01-17T07:37:33+00:00 CRITICAL Uncaught ArgumentCountError: Too few arguments to function get_term_link(), 0 passed in /Applications/MAMP/htdocs/blacksticks/wp-content/themes/blacksticks/woocommerce/content-product.php on line 69 and at least 1 expected in /Applications/MAMP/htdocs/blacksticks/wp-includes/taxonomy.php:4179
Stack trace:
#0 /Applications/MAMP/htdocs/blacksticks/wp-content/themes/blacksticks/woocommerce/content-product.php(69): get_term_link()
#1 /Applications/MAMP/htdocs/blacksticks/wp-includes/template.php(724): require('/Applications/M...')
#2 /Applications/MAMP/htdocs/blacksticks/wp-content/plugins/woocommerce/includes/wc-core-functions.php(195): load_template('/Applications/M...', false)
#3 /Applications/MAMP/htdocs/blacksticks/wp-content/themes/blacksticks/archive-product.php(43): wc_get_template_part('content', 'product')
#4 /Applications/MAMP/htdocs/blacksticks/wp-includes/template-loader.php(98): include('/Applications/M...')
#5 /Applications/MAMP/htdocs/blacksticks/wp-blog-header.php(19): require_once('/Applications in /Applications/MAMP/htdocs/blacksticks/wp-includes/taxonomy.php on line 4179

2020-01-17T07:38:00+00:00 CRITICAL Object of class WP_Error could not be converted to string in /Applications/MAMP/htdocs/blacksticks/wp-content/themes/blacksticks/woocommerce/content-product.php on line 69

2020-01-17T07:38:09+00:00 CRITICAL Object of class WP_Error could not be converted to string in /Applications/MAMP/htdocs/blacksticks/wp-content/themes/blacksticks/woocommerce/content-product.php on line 69

